<?xml version="1.0" encoding="UTF-8"?>
<testsuite name="memory.MemoryFinderTest" tests="1" skipped="0" failures="0" errors="0" timestamp="2025-09-15T05:03:44" hostname="DESKTOP-B8HSTAM" time="0.069">
  <properties/>
  <testcase name="get()" classname="memory.MemoryFinderTest" time="0.069"/>
  <system-out><![CDATA[]]></system-out>
  <system-err><![CDATA[]]></system-err>
</testsuite>
